2016-02-19 07:41:20.031+0000 INFO  [o.n.k.i.f.CommunityFacadeFactory] No locking implementation specified, defaulting to 'community'
2016-02-19 07:41:20.114+0000 INFO  [o.n.k.AvailabilityGuard] Requirement makes database unavailable: Database available
2016-02-19 07:41:20.122+0000 INFO  [o.n.k.i.DiagnosticsManager] --- INITIALIZED diagnostics START ---
2016-02-19 07:41:20.122+0000 INFO  [o.n.k.i.DiagnosticsManager] Neo4j Kernel properties:
2016-02-19 07:41:20.123+0000 INFO  [o.n.k.i.DiagnosticsManager] ephemeral=false
2016-02-19 07:41:20.123+0000 INFO  [o.n.k.i.DiagnosticsManager] edition=Community
2016-02-19 07:41:20.123+0000 INFO  [o.n.k.i.DiagnosticsManager] Diagnostics providers:
2016-02-19 07:41:20.123+0000 INFO  [o.n.k.i.DiagnosticsManager] org.neo4j.kernel.configuration.Config
2016-02-19 07:41:20.123+0000 INFO  [o.n.k.i.DiagnosticsManager] org.neo4j.kernel.info.DiagnosticsManager
2016-02-19 07:41:20.123+0000 INFO  [o.n.k.i.DiagnosticsManager] SYSTEM_MEMORY
2016-02-19 07:41:20.124+0000 INFO  [o.n.k.i.DiagnosticsManager] JAVA_MEMORY
2016-02-19 07:41:20.124+0000 INFO  [o.n.k.i.DiagnosticsManager] OPERATING_SYSTEM
2016-02-19 07:41:20.124+0000 INFO  [o.n.k.i.DiagnosticsManager] JAVA_VIRTUAL_MACHINE
2016-02-19 07:41:20.124+0000 INFO  [o.n.k.i.DiagnosticsManager] CLASSPATH
2016-02-19 07:41:20.124+0000 INFO  [o.n.k.i.DiagnosticsManager] LIBRARY_PATH
2016-02-19 07:41:20.124+0000 INFO  [o.n.k.i.DiagnosticsManager] SYSTEM_PROPERTIES
2016-02-19 07:41:20.124+0000 INFO  [o.n.k.i.DiagnosticsManager] NETWORK
2016-02-19 07:41:20.124+0000 INFO  [o.n.k.i.DiagnosticsManager] System memory information:
2016-02-19 07:41:20.127+0000 INFO  [o.n.k.i.DiagnosticsManager] Total Physical memory: 8.00 GB
2016-02-19 07:41:20.128+0000 INFO  [o.n.k.i.DiagnosticsManager] Free Physical memory: 17.89 MB
2016-02-19 07:41:20.128+0000 INFO  [o.n.k.i.DiagnosticsManager] Committed virtual memory: 5.76 GB
2016-02-19 07:41:20.129+0000 INFO  [o.n.k.i.DiagnosticsManager] Total swap space: 2.00 GB
2016-02-19 07:41:20.129+0000 INFO  [o.n.k.i.DiagnosticsManager] Free swap space: 930.00 MB
2016-02-19 07:41:20.130+0000 INFO  [o.n.k.i.DiagnosticsManager] JVM memory information:
2016-02-19 07:41:20.130+0000 INFO  [o.n.k.i.DiagnosticsManager] Free  memory: 84.23 MB
2016-02-19 07:41:20.130+0000 INFO  [o.n.k.i.DiagnosticsManager] Total memory: 123.00 MB
2016-02-19 07:41:20.130+0000 INFO  [o.n.k.i.DiagnosticsManager] Max   memory: 1.78 GB
2016-02-19 07:41:20.135+0000 INFO  [o.n.k.i.DiagnosticsManager] Garbage Collector: PS Scavenge: [PS Eden Space, PS Survivor Space]
2016-02-19 07:41:20.136+0000 INFO  [o.n.k.i.DiagnosticsManager] Garbage Collector: PS MarkSweep: [PS Eden Space, PS Survivor Space, PS Old Gen]
2016-02-19 07:41:20.137+0000 INFO  [o.n.k.i.DiagnosticsManager] Memory Pool: Code Cache (Non-heap memory): committed=2.56 MB, used=2.50 MB, max=240.00 MB, threshold=0.00 B
2016-02-19 07:41:20.137+0000 INFO  [o.n.k.i.DiagnosticsManager] Memory Pool: Metaspace (Non-heap memory): committed=7.63 MB, used=7.38 MB, max=-1.00 B, threshold=0.00 B
2016-02-19 07:41:20.138+0000 INFO  [o.n.k.i.DiagnosticsManager] Memory Pool: Compressed Class Space (Non-heap memory): committed=1.13 MB, used=1001.64 kB, max=1.00 GB, threshold=0.00 B
2016-02-19 07:41:20.138+0000 INFO  [o.n.k.i.DiagnosticsManager] Memory Pool: PS Eden Space (Heap memory): committed=32.50 MB, used=18.16 MB, max=672.50 MB, threshold=?
2016-02-19 07:41:20.138+0000 INFO  [o.n.k.i.DiagnosticsManager] Memory Pool: PS Survivor Space (Heap memory): committed=5.00 MB, used=4.99 MB, max=5.00 MB, threshold=?
2016-02-19 07:41:20.139+0000 INFO  [o.n.k.i.DiagnosticsManager] Memory Pool: PS Old Gen (Heap memory): committed=85.50 MB, used=15.62 MB, max=1.33 GB, threshold=0.00 B
2016-02-19 07:41:20.139+0000 INFO  [o.n.k.i.DiagnosticsManager] Operating system information:
2016-02-19 07:41:20.140+0000 INFO  [o.n.k.i.DiagnosticsManager] Operating System: Mac OS X; version: 10.11.2; arch: x86_64; cpus: 4
2016-02-19 07:41:20.140+0000 INFO  [o.n.k.i.DiagnosticsManager] Max number of file descriptors: 10.00 kB
2016-02-19 07:41:20.141+0000 INFO  [o.n.k.i.DiagnosticsManager] Number of open file descriptors: 77.00 B
2016-02-19 07:41:20.446+0000 INFO  [o.n.k.i.DiagnosticsManager] Process id: 89702@PPerfectionist.local
2016-02-19 07:41:20.446+0000 INFO  [o.n.k.i.DiagnosticsManager] Byte order: LITTLE_ENDIAN
2016-02-19 07:41:20.446+0000 INFO  [o.n.k.i.DiagnosticsManager] Local timezone: Asia/Bangkok
2016-02-19 07:41:20.446+0000 INFO  [o.n.k.i.DiagnosticsManager] JVM information:
2016-02-19 07:41:20.446+0000 INFO  [o.n.k.i.DiagnosticsManager] VM Name: Java HotSpot(TM) 64-Bit Server VM
2016-02-19 07:41:20.446+0000 INFO  [o.n.k.i.DiagnosticsManager] VM Vendor: Oracle Corporation
2016-02-19 07:41:20.446+0000 INFO  [o.n.k.i.DiagnosticsManager] VM Version: 25.65-b01
2016-02-19 07:41:20.446+0000 INFO  [o.n.k.i.DiagnosticsManager] JIT compiler: HotSpot 64-Bit Tiered Compilers
2016-02-19 07:41:20.447+0000 INFO  [o.n.k.i.DiagnosticsManager] VM Arguments: []
2016-02-19 07:41:20.447+0000 INFO  [o.n.k.i.DiagnosticsManager] Java classpath:
2016-02-19 07:41:20.448+0000 INFO  [o.n.k.i.DiagnosticsManager]  [loader.1] file:/Library/Java/JavaVirtualMachines/jdk1.8.0_65.jdk/Contents/Home/jre/lib/ext/cldrdata.jar
2016-02-19 07:41:20.448+0000 INFO  [o.n.k.i.DiagnosticsManager]  [loader.1] file:/System/Library/Java/Extensions/mlibwrapper_jai.jar
2016-02-19 07:41:20.448+0000 INFO  [o.n.k.i.DiagnosticsManager]  [bootstrap] /Library/Java/JavaVirtualMachines/jdk1.8.0_65.jdk/Contents/Home/jre/lib/sunrsasign.jar
2016-02-19 07:41:20.448+0000 INFO  [o.n.k.i.DiagnosticsManager]  [bootstrap] /Library/Java/JavaVirtualMachines/jdk1.8.0_65.jdk/Contents/Home/jre/lib/jce.jar
2016-02-19 07:41:20.448+0000 INFO  [o.n.k.i.DiagnosticsManager]  [loader.1] file:/Library/Java/JavaVirtualMachines/jdk1.8.0_65.jdk/Contents/Home/jre/lib/ext/sunec.jar
2016-02-19 07:41:20.448+0000 INFO  [o.n.k.i.DiagnosticsManager]  [loader.1] file:/System/Library/Java/Extensions/libJ3DUtils.jnilib
2016-02-19 07:41:20.448+0000 INFO  [o.n.k.i.DiagnosticsManager]  [classpath + loader.0] file:/Applications/XAMPP/xamppfiles/htdocs/seniorproject/public/java/seniorproject/target/seniorproject-1.0-SNAPSHOT.jar
2016-02-19 07:41:20.448+0000 INFO  [o.n.k.i.DiagnosticsManager]  [loader.1] file:/System/Library/Java/Extensions/j3daudio.jar
2016-02-19 07:41:20.448+0000 INFO  [o.n.k.i.DiagnosticsManager]  [loader.1] file:/System/Library/Java/Extensions/AppleScriptEngine.jar
2016-02-19 07:41:20.448+0000 INFO  [o.n.k.i.DiagnosticsManager]  [loader.1] file:/System/Library/Java/Extensions/j3dutils.jar
2016-02-19 07:41:20.448+0000 INFO  [o.n.k.i.DiagnosticsManager]  [loader.1] file:/System/Library/Java/Extensions/jai_codec.jar
2016-02-19 07:41:20.448+0000 INFO  [o.n.k.i.DiagnosticsManager]  [loader.1] file:/Library/Java/JavaVirtualMachines/jdk1.8.0_65.jdk/Contents/Home/jre/lib/ext/zipfs.jar
2016-02-19 07:41:20.448+0000 INFO  [o.n.k.i.DiagnosticsManager]  [bootstrap] /Library/Java/JavaVirtualMachines/jdk1.8.0_65.jdk/Contents/Home/jre/lib/jsse.jar
2016-02-19 07:41:20.448+0000 INFO  [o.n.k.i.DiagnosticsManager]  [loader.1] file:/System/Library/Java/Extensions/vecmath.jar
2016-02-19 07:41:20.448+0000 INFO  [o.n.k.i.DiagnosticsManager]  [loader.1] file:/System/Library/Java/Extensions/libJ3D.jnilib
2016-02-19 07:41:20.448+0000 INFO  [o.n.k.i.DiagnosticsManager]  [bootstrap] /Library/Java/JavaVirtualMachines/jdk1.8.0_65.jdk/Contents/Home/jre/lib/charsets.jar
2016-02-19 07:41:20.448+0000 INFO  [o.n.k.i.DiagnosticsManager]  [loader.1] file:/usr/lib/java/libjdns_sd.jnilib
2016-02-19 07:41:20.448+0000 INFO  [o.n.k.i.DiagnosticsManager]  [bootstrap] /Library/Java/JavaVirtualMachines/jdk1.8.0_65.jdk/Contents/Home/jre/classes
2016-02-19 07:41:20.448+0000 INFO  [o.n.k.i.DiagnosticsManager]  [loader.1] file:/Library/Java/JavaVirtualMachines/jdk1.8.0_65.jdk/Contents/Home/jre/lib/ext/sunpkcs11.jar
2016-02-19 07:41:20.448+0000 INFO  [o.n.k.i.DiagnosticsManager]  [loader.1] file:/System/Library/Java/Extensions/libmlib_jai.jnilib
2016-02-19 07:41:20.448+0000 INFO  [o.n.k.i.DiagnosticsManager]  [loader.1] file:/Library/Java/JavaVirtualMachines/jdk1.8.0_65.jdk/Contents/Home/jre/lib/ext/jaccess.jar
2016-02-19 07:41:20.449+0000 INFO  [o.n.k.i.DiagnosticsManager]  [bootstrap] /Library/Java/JavaVirtualMachines/jdk1.8.0_65.jdk/Contents/Home/jre/lib/rt.jar
2016-02-19 07:41:20.449+0000 INFO  [o.n.k.i.DiagnosticsManager]  [loader.1] file:/Library/Java/JavaVirtualMachines/jdk1.8.0_65.jdk/Contents/Home/jre/lib/ext/nashorn.jar
2016-02-19 07:41:20.449+0000 INFO  [o.n.k.i.DiagnosticsManager]  [bootstrap] /Library/Java/JavaVirtualMachines/jdk1.8.0_65.jdk/Contents/Home/jre/lib/jfr.jar
2016-02-19 07:41:20.449+0000 INFO  [o.n.k.i.DiagnosticsManager]  [loader.1] file:/Library/Java/JavaVirtualMachines/jdk1.8.0_65.jdk/Contents/Home/jre/lib/ext/dnsns.jar
2016-02-19 07:41:20.449+0000 INFO  [o.n.k.i.DiagnosticsManager]  [loader.1] file:/Library/Java/JavaVirtualMachines/jdk1.8.0_65.jdk/Contents/Home/jre/lib/ext/localedata.jar
2016-02-19 07:41:20.449+0000 INFO  [o.n.k.i.DiagnosticsManager]  [loader.1] file:/System/Library/Java/Extensions/libJ3DAudio.jnilib
2016-02-19 07:41:20.449+0000 INFO  [o.n.k.i.DiagnosticsManager]  [loader.1] file:/Library/Java/JavaVirtualMachines/jdk1.8.0_65.jdk/Contents/Home/jre/lib/ext/sunjce_provider.jar
2016-02-19 07:41:20.449+0000 INFO  [o.n.k.i.DiagnosticsManager]  [loader.1] file:/Library/Java/JavaVirtualMachines/jdk1.8.0_65.jdk/Contents/Home/jre/lib/ext/jfxrt.jar
2016-02-19 07:41:20.449+0000 INFO  [o.n.k.i.DiagnosticsManager]  [loader.1] file:/System/Library/Java/Extensions/libAppleScriptEngine.jnilib
2016-02-19 07:41:20.449+0000 INFO  [o.n.k.i.DiagnosticsManager]  [bootstrap] /Library/Java/JavaVirtualMachines/jdk1.8.0_65.jdk/Contents/Home/jre/lib/resources.jar
2016-02-19 07:41:20.449+0000 INFO  [o.n.k.i.DiagnosticsManager]  [loader.1] file:/System/Library/Java/Extensions/dns_sd.jar
2016-02-19 07:41:20.449+0000 INFO  [o.n.k.i.DiagnosticsManager]  [loader.1] file:/System/Library/Java/Extensions/j3dcore.jar
2016-02-19 07:41:20.449+0000 INFO  [o.n.k.i.DiagnosticsManager]  [loader.1] file:/System/Library/Java/Extensions/MRJToolkit.jar
2016-02-19 07:41:20.449+0000 INFO  [o.n.k.i.DiagnosticsManager]  [loader.1] file:/System/Library/Java/Extensions/jai_core.jar
2016-02-19 07:41:20.449+0000 INFO  [o.n.k.i.DiagnosticsManager] Library path:
2016-02-19 07:41:20.449+0000 INFO  [o.n.k.i.DiagnosticsManager] /Users/pperfectionist/Library/Java/Extensions
2016-02-19 07:41:20.450+0000 INFO  [o.n.k.i.DiagnosticsManager] /Library/Java/Extensions
2016-02-19 07:41:20.450+0000 INFO  [o.n.k.i.DiagnosticsManager] /Network/Library/Java/Extensions
2016-02-19 07:41:20.450+0000 INFO  [o.n.k.i.DiagnosticsManager] /System/Library/Java/Extensions
2016-02-19 07:41:20.450+0000 INFO  [o.n.k.i.DiagnosticsManager] /usr/lib/java
2016-02-19 07:41:20.450+0000 INFO  [o.n.k.i.DiagnosticsManager] /Applications/XAMPP/xamppfiles/htdocs/seniorproject/public
2016-02-19 07:41:20.450+0000 INFO  [o.n.k.i.DiagnosticsManager] System.properties:
2016-02-19 07:41:20.450+0000 INFO  [o.n.k.i.DiagnosticsManager] sun.boot.library.path = /Library/Java/JavaVirtualMachines/jdk1.8.0_65.jdk/Contents/Home/jre/lib
2016-02-19 07:41:20.450+0000 INFO  [o.n.k.i.DiagnosticsManager] user.country.format = TH
2016-02-19 07:41:20.450+0000 INFO  [o.n.k.i.DiagnosticsManager] gopherProxySet = false
2016-02-19 07:41:20.450+0000 INFO  [o.n.k.i.DiagnosticsManager] path.separator = :
2016-02-19 07:41:20.450+0000 INFO  [o.n.k.i.DiagnosticsManager] file.encoding.pkg = sun.io
2016-02-19 07:41:20.450+0000 INFO  [o.n.k.i.DiagnosticsManager] user.country = US
2016-02-19 07:41:20.450+0000 INFO  [o.n.k.i.DiagnosticsManager] sun.java.launcher = SUN_STANDARD
2016-02-19 07:41:20.451+0000 INFO  [o.n.k.i.DiagnosticsManager] sun.os.patch.level = unknown
2016-02-19 07:41:20.451+0000 INFO  [o.n.k.i.DiagnosticsManager] user.dir = /Applications/XAMPP/xamppfiles/htdocs/seniorproject/public
2016-02-19 07:41:20.451+0000 INFO  [o.n.k.i.DiagnosticsManager] sun.jnu.encoding = UTF-8
2016-02-19 07:41:20.451+0000 INFO  [o.n.k.i.DiagnosticsManager] sun.management.compiler = HotSpot 64-Bit Tiered Compilers
2016-02-19 07:41:20.451+0000 INFO  [o.n.k.i.DiagnosticsManager] http.nonProxyHosts = local|*.local|169.254/16|*.169.254/16
2016-02-19 07:41:20.451+0000 INFO  [o.n.k.i.DiagnosticsManager] user.home = /var/root
2016-02-19 07:41:20.451+0000 INFO  [o.n.k.i.DiagnosticsManager] user.timezone = Asia/Bangkok
2016-02-19 07:41:20.451+0000 INFO  [o.n.k.i.DiagnosticsManager] file.encoding = UTF-8
2016-02-19 07:41:20.451+0000 INFO  [o.n.k.i.DiagnosticsManager] user.name = daemon
2016-02-19 07:41:20.451+0000 INFO  [o.n.k.i.DiagnosticsManager] sun.java.command = java/seniorproject/target/seniorproject-1.0-SNAPSHOT.jar 320 startDate 1 2 20150901 20150931 callDay 0 7 Sunday Monday Tuesday Wednesday Thursday Friday Saturday startTime 1 2 0 2000000000 duration 1 2 0 2000000000 rnCode 0 4 AIS TRUE DTAC Others
2016-02-19 07:41:20.451+0000 INFO  [o.n.k.i.DiagnosticsManager] sun.arch.data.model = 64
2016-02-19 07:41:20.451+0000 INFO  [o.n.k.i.DiagnosticsManager] user.language = en
2016-02-19 07:41:20.451+0000 INFO  [o.n.k.i.DiagnosticsManager] awt.toolkit = sun.lwawt.macosx.LWCToolkit
2016-02-19 07:41:20.451+0000 INFO  [o.n.k.i.DiagnosticsManager] file.separator = /
2016-02-19 07:41:20.451+0000 INFO  [o.n.k.i.DiagnosticsManager] sun.io.unicode.encoding = UnicodeBig
2016-02-19 07:41:20.451+0000 INFO  [o.n.k.i.DiagnosticsManager] sun.cpu.endian = little
2016-02-19 07:41:20.451+0000 INFO  [o.n.k.i.DiagnosticsManager] socksNonProxyHosts = local|*.local|169.254/16|*.169.254/16
2016-02-19 07:41:20.451+0000 INFO  [o.n.k.i.DiagnosticsManager] ftp.nonProxyHosts = local|*.local|169.254/16|*.169.254/16
2016-02-19 07:41:20.451+0000 INFO  [o.n.k.i.DiagnosticsManager] sun.cpu.isalist = 
2016-02-19 07:41:20.451+0000 INFO  [o.n.k.i.DiagnosticsManager] Network information:
2016-02-19 07:41:20.456+0000 INFO  [o.n.k.i.DiagnosticsManager] Interface awdl0:
2016-02-19 07:41:20.456+0000 INFO  [o.n.k.i.DiagnosticsManager]     address: fe80:0:0:0:8f:5aff:fe48:c5b0%awdl0
2016-02-19 07:41:20.457+0000 INFO  [o.n.k.i.DiagnosticsManager] Interface en0:
2016-02-19 07:41:20.457+0000 INFO  [o.n.k.i.DiagnosticsManager]     address: fe80:0:0:0:aebc:32ff:fe8e:345d%en0
2016-02-19 07:41:20.457+0000 INFO  [o.n.k.i.DiagnosticsManager]     address: 10.202.172.43
2016-02-19 07:41:20.457+0000 INFO  [o.n.k.i.DiagnosticsManager] Interface lo0:
2016-02-19 07:41:20.457+0000 INFO  [o.n.k.i.DiagnosticsManager]     address: fe80:0:0:0:0:0:0:1%lo0
2016-02-19 07:41:20.457+0000 INFO  [o.n.k.i.DiagnosticsManager]     address: 0:0:0:0:0:0:0:1
2016-02-19 07:41:20.457+0000 INFO  [o.n.k.i.DiagnosticsManager]     address: 127.0.0.1
2016-02-19 07:41:20.457+0000 INFO  [o.n.k.i.DiagnosticsManager] --- INITIALIZED diagnostics END ---
2016-02-19 07:41:21.081+0000 INFO  [o.n.k.a.i.i.LuceneLabelScanStore] No lucene scan store index found, this might just be first use. Preparing to rebuild.
2016-02-19 07:41:21.266+0000 INFO  [o.n.k.NeoStoreDataSource] Opened logical log [/Applications/XAMPP/htdocs/seniorproject/database/Neo4j/store./neostore.transaction.db.0] version=0, lastTxId=1 (clean)
2016-02-19 07:41:21.277+0000 WARN  [o.n.k.i.s.MetaDataStore] Missing counts store, rebuilding it.
2016-02-19 07:41:21.380+0000 INFO  [o.n.k.a.i.i.LuceneLabelScanStore] Rebuilding lucene scan store, this may take a while
2016-02-19 07:41:21.382+0000 INFO  [o.n.k.a.i.i.LuceneLabelScanStore] Lucene scan store rebuilt (roughly -1 nodes)
2016-02-19 07:41:21.390+0000 INFO  [o.n.k.KernelHealth] Kernel health set to OK
2016-02-19 07:41:21.619+0000 INFO  [o.n.k.AvailabilityGuard] Fulfilling of requirement makes database available: Database available
2016-02-19 07:41:21.619+0000 INFO  [o.n.k.i.f.CommunityFacadeFactory] Database is now ready
2016-02-19 07:41:21.620+0000 INFO  [o.n.k.i.DiagnosticsManager] --- STARTED diagnostics for KernelDiagnostics:Versions START ---
2016-02-19 07:41:21.620+0000 INFO  [o.n.k.i.DiagnosticsManager] Graph Database: Community StoreId{creationTime=1455867680912, randomId=8283353309166107895, storeVersion=15250506225055238, upgradeTime=1455867680912, upgradeId=1}
2016-02-19 07:41:21.620+0000 INFO  [o.n.k.i.DiagnosticsManager] Kernel version: 2.3.1,dd67f90
2016-02-19 07:41:21.620+0000 INFO  [o.n.k.i.DiagnosticsManager] --- STARTED diagnostics for KernelDiagnostics:Versions END ---
2016-02-19 07:41:21.622+0000 INFO  [o.n.k.i.DiagnosticsManager] --- STARTED diagnostics for NEO_STORE_VERSIONS START ---
2016-02-19 07:41:21.623+0000 INFO  [o.n.k.i.DiagnosticsManager] Store versions:
2016-02-19 07:41:21.623+0000 INFO  [o.n.k.i.DiagnosticsManager] Store versions:
2016-02-19 07:41:21.623+0000 INFO  [o.n.k.i.DiagnosticsManager] ArrayPropertyStore v0.A.6
2016-02-19 07:41:21.623+0000 INFO  [o.n.k.i.DiagnosticsManager] NodeStore v0.A.6
2016-02-19 07:41:21.623+0000 INFO  [o.n.k.i.DiagnosticsManager] StringPropertyStore v0.A.6
2016-02-19 07:41:21.623+0000 INFO  [o.n.k.i.DiagnosticsManager] PropertyIndexStore v0.A.6
2016-02-19 07:41:21.623+0000 INFO  [o.n.k.i.DiagnosticsManager] StringPropertyStore v0.A.6
2016-02-19 07:41:21.623+0000 INFO  [o.n.k.i.DiagnosticsManager] ArrayPropertyStore v0.A.6
2016-02-19 07:41:21.623+0000 INFO  [o.n.k.i.DiagnosticsManager] PropertyStore v0.A.6
2016-02-19 07:41:21.623+0000 INFO  [o.n.k.i.DiagnosticsManager] RelationshipStore v0.A.6
2016-02-19 07:41:21.623+0000 INFO  [o.n.k.i.DiagnosticsManager] StringPropertyStore v0.A.6
2016-02-19 07:41:21.623+0000 INFO  [o.n.k.i.DiagnosticsManager] RelationshipTypeStore v0.A.6
2016-02-19 07:41:21.623+0000 INFO  [o.n.k.i.DiagnosticsManager] StringPropertyStore v0.A.6
2016-02-19 07:41:21.623+0000 INFO  [o.n.k.i.DiagnosticsManager] LabelTokenStore v0.A.6
2016-02-19 07:41:21.623+0000 INFO  [o.n.k.i.DiagnosticsManager] SchemaStore v0.A.6
2016-02-19 07:41:21.623+0000 INFO  [o.n.k.i.DiagnosticsManager] RelationshipGroupStore v0.A.6
2016-02-19 07:41:21.624+0000 INFO  [o.n.k.i.DiagnosticsManager] NeoStore v0.A.6
2016-02-19 07:41:21.624+0000 INFO  [o.n.k.i.DiagnosticsManager] --- STARTED diagnostics for NEO_STORE_VERSIONS END ---
2016-02-19 07:41:21.624+0000 INFO  [o.n.k.i.DiagnosticsManager] --- STARTED diagnostics for NEO_STORE_ID_USAGE START ---
2016-02-19 07:41:21.624+0000 INFO  [o.n.k.i.DiagnosticsManager] Id usage:
2016-02-19 07:41:21.624+0000 INFO  [o.n.k.i.DiagnosticsManager] Id usage:
2016-02-19 07:41:21.624+0000 INFO  [o.n.k.i.DiagnosticsManager]   ArrayPropertyStore v0.A.6: used=1 high=0
2016-02-19 07:41:21.624+0000 INFO  [o.n.k.i.DiagnosticsManager]   NodeStore v0.A.6: used=0 high=-1
2016-02-19 07:41:21.624+0000 INFO  [o.n.k.i.DiagnosticsManager]   StringPropertyStore v0.A.6: used=1 high=0
2016-02-19 07:41:21.624+0000 INFO  [o.n.k.i.DiagnosticsManager]   PropertyIndexStore v0.A.6: used=0 high=-1
2016-02-19 07:41:21.624+0000 INFO  [o.n.k.i.DiagnosticsManager]   StringPropertyStore v0.A.6: used=1 high=0
2016-02-19 07:41:21.625+0000 INFO  [o.n.k.i.DiagnosticsManager]   ArrayPropertyStore v0.A.6: used=1 high=0
2016-02-19 07:41:21.625+0000 INFO  [o.n.k.i.DiagnosticsManager]   PropertyStore v0.A.6: used=0 high=-1
2016-02-19 07:41:21.625+0000 INFO  [o.n.k.i.DiagnosticsManager]   RelationshipStore v0.A.6: used=0 high=-1
2016-02-19 07:41:21.625+0000 INFO  [o.n.k.i.DiagnosticsManager]   StringPropertyStore v0.A.6: used=1 high=0
2016-02-19 07:41:21.625+0000 INFO  [o.n.k.i.DiagnosticsManager]   RelationshipTypeStore v0.A.6: used=0 high=-1
2016-02-19 07:41:21.625+0000 INFO  [o.n.k.i.DiagnosticsManager]   StringPropertyStore v0.A.6: used=1 high=0
2016-02-19 07:41:21.625+0000 INFO  [o.n.k.i.DiagnosticsManager]   LabelTokenStore v0.A.6: used=0 high=-1
2016-02-19 07:41:21.626+0000 INFO  [o.n.k.i.DiagnosticsManager]   SchemaStore v0.A.6: used=1 high=0
2016-02-19 07:41:21.626+0000 INFO  [o.n.k.i.DiagnosticsManager]   RelationshipGroupStore v0.A.6: used=1 high=0
2016-02-19 07:41:21.626+0000 INFO  [o.n.k.i.DiagnosticsManager]   NeoStore v0.A.6: used=13 high=12
2016-02-19 07:41:21.626+0000 INFO  [o.n.k.i.DiagnosticsManager] --- STARTED diagnostics for NEO_STORE_ID_USAGE END ---
2016-02-19 07:41:21.626+0000 INFO  [o.n.k.i.DiagnosticsManager] --- STARTED diagnostics for NEO_STORE_RECORDS START ---
2016-02-19 07:41:21.626+0000 INFO  [o.n.k.i.DiagnosticsManager] Neostore records:
2016-02-19 07:41:21.627+0000 INFO  [o.n.k.i.DiagnosticsManager] TIME (Creation time): 1455867680912
2016-02-19 07:41:21.627+0000 INFO  [o.n.k.i.DiagnosticsManager] RANDOM_NUMBER (Random number for store id): 8283353309166107895
2016-02-19 07:41:21.627+0000 INFO  [o.n.k.i.DiagnosticsManager] LOG_VERSION (Current log version): 0
2016-02-19 07:41:21.627+0000 INFO  [o.n.k.i.DiagnosticsManager] LAST_TRANSACTION_ID (Last committed transaction): 1
2016-02-19 07:41:21.627+0000 INFO  [o.n.k.i.DiagnosticsManager] STORE_VERSION (Store format version): 15250506225055238
2016-02-19 07:41:21.627+0000 INFO  [o.n.k.i.DiagnosticsManager] FIRST_GRAPH_PROPERTY (First property record containing graph properties): -1
2016-02-19 07:41:21.627+0000 INFO  [o.n.k.i.DiagnosticsManager] LAST_CONSTRAINT_TRANSACTION (Last committed transaction containing constraint changes): 0
2016-02-19 07:41:21.628+0000 INFO  [o.n.k.i.DiagnosticsManager] UPGRADE_TRANSACTION_ID (Transaction id most recent upgrade was performed at): 1
2016-02-19 07:41:21.628+0000 INFO  [o.n.k.i.DiagnosticsManager] UPGRADE_TIME (Time of last upgrade): 1455867680912
2016-02-19 07:41:21.628+0000 INFO  [o.n.k.i.DiagnosticsManager] LAST_TRANSACTION_CHECKSUM (Checksum of last committed transaction): 0
2016-02-19 07:41:21.628+0000 INFO  [o.n.k.i.DiagnosticsManager] UPGRADE_TRANSACTION_CHECKSUM (Checksum of transaction id the most recent upgrade was performed at): 0
2016-02-19 07:41:21.628+0000 INFO  [o.n.k.i.DiagnosticsManager] LAST_CLOSED_TRANSACTION_LOG_VERSION (Log version where the last transaction commit entry has been written into): 0
2016-02-19 07:41:21.628+0000 INFO  [o.n.k.i.DiagnosticsManager] LAST_CLOSED_TRANSACTION_LOG_BYTE_OFFSET (Byte offset in the log file where the last transaction commit entry has been written into): 16
2016-02-19 07:41:21.628+0000 INFO  [o.n.k.i.DiagnosticsManager] --- STARTED diagnostics for NEO_STORE_RECORDS END ---
2016-02-19 07:41:21.628+0000 INFO  [o.n.k.i.DiagnosticsManager] --- STARTED diagnostics for TRANSACTION_RANGE START ---
2016-02-19 07:41:21.628+0000 INFO  [o.n.k.i.DiagnosticsManager] Transaction log:
2016-02-19 07:41:21.629+0000 INFO  [o.n.k.i.DiagnosticsManager] No transactions found in any log
2016-02-19 07:41:21.629+0000 INFO  [o.n.k.i.DiagnosticsManager] --- STARTED diagnostics for TRANSACTION_RANGE END ---
2016-02-19 07:41:21.630+0000 INFO  [o.n.k.i.DiagnosticsManager] --- STARTED diagnostics for KernelDiagnostics:StoreFiles START ---
2016-02-19 07:41:21.630+0000 INFO  [o.n.k.i.DiagnosticsManager] Disk space on partition (Total / Free / Free %): 190999953408 / 68379549696 / 35
Storage files: (filename : modification date - size)
2016-02-19 07:41:21.631+0000 INFO  [o.n.k.i.DiagnosticsManager]   index:
2016-02-19 07:41:21.631+0000 INFO  [o.n.k.i.DiagnosticsManager]   - Total: 2016-02-19T14:41:21+0700 - 0.00 B
2016-02-19 07:41:21.632+0000 INFO  [o.n.k.i.DiagnosticsManager]   messages.log: 2016-02-19T14:41:21+0700 - 22.68 kB
2016-02-19 07:41:21.632+0000 INFO  [o.n.k.i.DiagnosticsManager]   neostore: 2016-02-19T14:41:20+0700 - 8.00 kB
2016-02-19 07:41:21.632+0000 INFO  [o.n.k.i.DiagnosticsManager]   neostore.counts.db.a: 2016-02-19T14:41:21+0700 - 96.00 B
2016-02-19 07:41:21.633+0000 INFO  [o.n.k.i.DiagnosticsManager]   neostore.id: 2016-02-19T14:41:20+0700 - 9.00 B
2016-02-19 07:41:21.633+0000 INFO  [o.n.k.i.DiagnosticsManager]   neostore.labeltokenstore.db: 2016-02-19T14:41:20+0700 - 0.00 B
2016-02-19 07:41:21.633+0000 INFO  [o.n.k.i.DiagnosticsManager]   neostore.labeltokenstore.db.id: 2016-02-19T14:41:20+0700 - 9.00 B
2016-02-19 07:41:21.634+0000 INFO  [o.n.k.i.DiagnosticsManager]   neostore.labeltokenstore.db.names: 2016-02-19T14:41:20+0700 - 8.00 kB
2016-02-19 07:41:21.634+0000 INFO  [o.n.k.i.DiagnosticsManager]   neostore.labeltokenstore.db.names.id: 2016-02-19T14:41:20+0700 - 9.00 B
2016-02-19 07:41:21.634+0000 INFO  [o.n.k.i.DiagnosticsManager]   neostore.nodestore.db: 2016-02-19T14:41:20+0700 - 0.00 B
2016-02-19 07:41:21.634+0000 INFO  [o.n.k.i.DiagnosticsManager]   neostore.nodestore.db.id: 2016-02-19T14:41:20+0700 - 9.00 B
2016-02-19 07:41:21.635+0000 INFO  [o.n.k.i.DiagnosticsManager]   neostore.nodestore.db.labels: 2016-02-19T14:41:20+0700 - 8.00 kB
2016-02-19 07:41:21.635+0000 INFO  [o.n.k.i.DiagnosticsManager]   neostore.nodestore.db.labels.id: 2016-02-19T14:41:20+0700 - 9.00 B
2016-02-19 07:41:21.635+0000 INFO  [o.n.k.i.DiagnosticsManager]   neostore.propertystore.db: 2016-02-19T14:41:20+0700 - 0.00 B
2016-02-19 07:41:21.636+0000 INFO  [o.n.k.i.DiagnosticsManager]   neostore.propertystore.db.arrays: 2016-02-19T14:41:20+0700 - 8.00 kB
2016-02-19 07:41:21.636+0000 INFO  [o.n.k.i.DiagnosticsManager]   neostore.propertystore.db.arrays.id: 2016-02-19T14:41:20+0700 - 9.00 B
2016-02-19 07:41:21.636+0000 INFO  [o.n.k.i.DiagnosticsManager]   neostore.propertystore.db.id: 2016-02-19T14:41:20+0700 - 9.00 B
2016-02-19 07:41:21.636+0000 INFO  [o.n.k.i.DiagnosticsManager]   neostore.propertystore.db.index: 2016-02-19T14:41:20+0700 - 0.00 B
2016-02-19 07:41:21.636+0000 INFO  [o.n.k.i.DiagnosticsManager]   neostore.propertystore.db.index.id: 2016-02-19T14:41:20+0700 - 9.00 B
2016-02-19 07:41:21.637+0000 INFO  [o.n.k.i.DiagnosticsManager]   neostore.propertystore.db.index.keys: 2016-02-19T14:41:20+0700 - 8.00 kB
2016-02-19 07:41:21.637+0000 INFO  [o.n.k.i.DiagnosticsManager]   neostore.propertystore.db.index.keys.id: 2016-02-19T14:41:20+0700 - 9.00 B
2016-02-19 07:41:21.637+0000 INFO  [o.n.k.i.DiagnosticsManager]   neostore.propertystore.db.strings: 2016-02-19T14:41:20+0700 - 8.00 kB
2016-02-19 07:41:21.637+0000 INFO  [o.n.k.i.DiagnosticsManager]   neostore.propertystore.db.strings.id: 2016-02-19T14:41:20+0700 - 9.00 B
2016-02-19 07:41:21.637+0000 INFO  [o.n.k.i.DiagnosticsManager]   neostore.relationshipgroupstore.db: 2016-02-19T14:41:20+0700 - 8.00 kB
2016-02-19 07:41:21.637+0000 INFO  [o.n.k.i.DiagnosticsManager]   neostore.relationshipgroupstore.db.id: 2016-02-19T14:41:20+0700 - 9.00 B
2016-02-19 07:41:21.638+0000 INFO  [o.n.k.i.DiagnosticsManager]   neostore.relationshipstore.db: 2016-02-19T14:41:20+0700 - 0.00 B
2016-02-19 07:41:21.638+0000 INFO  [o.n.k.i.DiagnosticsManager]   neostore.relationshipstore.db.id: 2016-02-19T14:41:20+0700 - 9.00 B
2016-02-19 07:41:21.638+0000 INFO  [o.n.k.i.DiagnosticsManager]   neostore.relationshiptypestore.db: 2016-02-19T14:41:20+0700 - 0.00 B
2016-02-19 07:41:21.638+0000 INFO  [o.n.k.i.DiagnosticsManager]   neostore.relationshiptypestore.db.id: 2016-02-19T14:41:20+0700 - 9.00 B
2016-02-19 07:41:21.639+0000 INFO  [o.n.k.i.DiagnosticsManager]   neostore.relationshiptypestore.db.names: 2016-02-19T14:41:20+0700 - 8.00 kB
2016-02-19 07:41:21.639+0000 INFO  [o.n.k.i.DiagnosticsManager]   neostore.relationshiptypestore.db.names.id: 2016-02-19T14:41:20+0700 - 9.00 B
2016-02-19 07:41:21.639+0000 INFO  [o.n.k.i.DiagnosticsManager]   neostore.schemastore.db: 2016-02-19T14:41:20+0700 - 8.00 kB
2016-02-19 07:41:21.639+0000 INFO  [o.n.k.i.DiagnosticsManager]   neostore.schemastore.db.id: 2016-02-19T14:41:20+0700 - 9.00 B
2016-02-19 07:41:21.640+0000 INFO  [o.n.k.i.DiagnosticsManager]   neostore.transaction.db.0: 2016-02-19T14:41:21+0700 - 16.00 B
2016-02-19 07:41:21.640+0000 INFO  [o.n.k.i.DiagnosticsManager]   schema:
2016-02-19 07:41:21.640+0000 INFO  [o.n.k.i.DiagnosticsManager]     label:
2016-02-19 07:41:21.640+0000 INFO  [o.n.k.i.DiagnosticsManager]       lucene:
2016-02-19 07:41:21.640+0000 INFO  [o.n.k.i.DiagnosticsManager]         write.lock: 2016-02-19T14:41:21+0700 - 0.00 B
2016-02-19 07:41:21.641+0000 INFO  [o.n.k.i.DiagnosticsManager]       - Total: 2016-02-19T14:41:21+0700 - 0.00 B
2016-02-19 07:41:21.641+0000 INFO  [o.n.k.i.DiagnosticsManager]     - Total: 2016-02-19T14:41:21+0700 - 0.00 B
2016-02-19 07:41:21.641+0000 INFO  [o.n.k.i.DiagnosticsManager]   - Total: 2016-02-19T14:41:21+0700 - 0.00 B
2016-02-19 07:41:21.641+0000 INFO  [o.n.k.i.DiagnosticsManager]   store_lock: 2016-02-19T14:41:20+0700 - 0.00 B
2016-02-19 07:41:21.641+0000 INFO  [o.n.k.i.DiagnosticsManager] --- STARTED diagnostics for KernelDiagnostics:StoreFiles END ---
2016-02-19 07:41:21.693+0000 INFO  [o.n.k.i.f.GraphDatabaseFacade] Shutdown started
2016-02-19 07:41:21.694+0000 INFO  [o.n.k.i.f.CommunityFacadeFactory] Database is now unavailable
2016-02-19 07:41:21.700+0000 INFO  [o.n.k.i.t.l.c.CheckPointerImpl] Check Pointing triggered by database shutdown [1]:  Starting check pointing...
2016-02-19 07:41:21.700+0000 INFO  [o.n.k.i.t.l.c.CheckPointerImpl] Check Pointing triggered by database shutdown [1]:  Starting store flush...
2016-02-19 07:41:21.709+0000 INFO  [o.n.k.i.t.l.c.CheckPointerImpl] Check Pointing triggered by database shutdown [1]:  Store flush completed
2016-02-19 07:41:21.709+0000 INFO  [o.n.k.i.t.l.c.CheckPointerImpl] Check Pointing triggered by database shutdown [1]:  Starting appending check point entry into the tx log...
2016-02-19 07:41:21.729+0000 INFO  [o.n.k.i.t.l.c.CheckPointerImpl] Check Pointing triggered by database shutdown [1]:  Appending check point entry into the tx log completed
2016-02-19 07:41:21.730+0000 INFO  [o.n.k.i.t.l.c.CheckPointerImpl] Check Pointing triggered by database shutdown [1]:  Check pointing completed
2016-02-19 07:41:21.730+0000 INFO  [o.n.k.i.t.l.p.LogPruningImpl] Log Rotation [0]:  Starting log pruning.
2016-02-19 07:41:21.730+0000 INFO  [o.n.k.i.t.l.p.LogPruningImpl] Log Rotation [0]:  Log pruning complete.
2016-02-19 07:41:21.749+0000 INFO  [o.n.k.NeoStoreDataSource] NeoStores closed
2016-02-19 07:41:21.750+0000 INFO  [o.n.k.i.DiagnosticsManager] --- STOPPING diagnostics START ---
2016-02-19 07:41:21.750+0000 INFO  [o.n.k.i.DiagnosticsManager] --- STOPPING diagnostics END ---
